<?xml version="1.0" encoding="utf-8"?><testsuites name="pytest tests"><testsuite name="pytest" errors="0" failures="0" skipped="0" tests="17" time="2.604" timestamp="2026-09-10T10:12:21.372336+00:00" hostname="agent-env-35aacdfe-31f5-46b9-84a5-eb3954379860"><testcase classname="tests.test_import_verify" name="test_health" time="0.140" /><testcase classname="tests.test_import_verify" name="test_categories" time="0.072" /><testcase classname="tests.test_import_verify" name="test_products" time="0.086" /><testcase classname="tests.test_import_verify" name="test_order_created_with_sj_prefix" time="0.164" /><testcase classname="tests.test_import_verify" name="test_order_in_admin_list" time="0.374" /><testcase classname="tests.test_import_verify" name="test_order_status_change" time="0.077" /><testcase classname="tests.test_import_verify" name="test_order_history_by_customer" time="0.072" /><testcase classname="tests.test_import_verify" name="test_owner_dashboard_has_finance" time="0.096" /><testcase classname="tests.test_import_verify" name="test_admin_dashboard_finance_zeroed" time="0.372" /><testcase classname="tests.test_import_verify" name="test_create_expense" time="0.076" /><testcase classname="tests.test_import_verify" name="test_sales_report" time="0.074" /><testcase classname="tests.test_import_verify" name="test_sales_export_xlsx" time="0.408" /><testcase classname="tests.test_import_verify" name="test_sales_export_pdf" time="0.249" /><testcase classname="tests.test_import_verify" name="test_admin_blocked_from_owner_routes[/api/admin/reports/sales]" time="0.067" /><testcase classname="tests.test_import_verify" name="test_admin_blocked_from_owner_routes[/api/admin/staff]" time="0.068" /><testcase classname="tests.test_import_verify" name="test_admin_blocked_from_owner_routes[/api/admin/settings/store]" time="0.069" /><testcase classname="tests.test_import_verify" name="test_admin_blocked_from_owner_routes[/api/admin/audit-logs]" time="0.068" /></testsuite></testsuites>