<?xml version="1.0" encoding="utf-8"?><testsuites name="pytest tests"><testsuite name="pytest" errors="0" failures="1" skipped="0" tests="18" time="2.105" timestamp="2026-09-15T04:27:41.840384+00:00" hostname="agent-env-35aacdfe-31f5-46b9-84a5-eb3954379860"><testcase classname="tests.test_payments_refactor" name="test_health_payment_mode" time="0.285" /><testcase classname="tests.test_payments_refactor" name="test_payments_config" time="0.062" /><testcase classname="tests.test_payments_refactor" name="test_cash_checkout_paid" time="0.161" /><testcase classname="tests.test_payments_refactor" name="test_get_payment_by_order_number" time="0.064" /><testcase classname="tests.test_payments_refactor" name="test_cash_order_contributes_to_omzet" time="0.410" /><testcase classname="tests.test_payments_refactor" name="test_piutang_checkout" time="0.075" /><testcase classname="tests.test_payments_refactor" name="test_piutang_in_receivables" time="0.071"><failure message="TypeError: string indices must be integers, not 'str'">tests/test_payments_refactor.py:115: in test_piutang_in_receivables
    nums = [o["order_number"] for o in r.json()]
           ^^^^^^^^^^^^^^^^^^^^^^^^^^^^^^^^^^^^^
tests/test_payments_refactor.py:115: in &lt;listcomp&gt;
    nums = [o["order_number"] for o in r.json()]
            ^^^^^^^^^^^^^^^^^
E   TypeError: string indices must be integers, not 'str'</failure></testcase><testcase classname="tests.test_payments_refactor" name="test_piutang_settle" time="0.138" /><testcase classname="tests.test_payments_refactor" name="test_va_checkout_pending" time="0.077" /><testcase classname="tests.test_payments_refactor" name="test_va_status_pending" time="0.063" /><testcase classname="tests.test_payments_refactor" name="test_va_switch_to_cash" time="0.141" /><testcase classname="tests.test_payments_refactor" name="test_legacy_methods_rejected[cod]" time="0.062" /><testcase classname="tests.test_payments_refactor" name="test_legacy_methods_rejected[bank_transfer]" time="0.063" /><testcase classname="tests.test_payments_refactor" name="test_legacy_methods_rejected[qris]" time="0.059" /><testcase classname="tests.test_payments_refactor" name="test_legacy_methods_rejected[ewallet]" time="0.078" /><testcase classname="tests.test_payments_refactor" name="test_travoy_notification_disabled" time="0.082" /><testcase classname="tests.test_payments_refactor" name="test_old_simulate_endpoint_gone" time="0.062" /><testcase classname="tests.test_payments_refactor" name="test_old_midtrans_notification_gone" time="0.061" /></testsuite></testsuites>