<?xml version="1.0" encoding="utf-8"?><testsuites name="pytest tests"><testsuite name="pytest" errors="0" failures="0" skipped="0" tests="46" time="1.390" timestamp="2026-09-23T09:03:24.345539+00:00" hostname="agent-env-0374b814-ab2d-4fa6-bd5a-0c228768fed1"><testcase classname="tests.test_payments_refactor" name="test_health_payment_mode" time="0.006" /><testcase classname="tests.test_batpay_core" name="test_rsa_sign_verify_roundtrip" time="0.099" /><testcase classname="tests.test_payments_refactor" name="test_payments_config_three_methods" time="0.001" /><testcase classname="tests.test_payments_refactor" name="test_fee_preview_gross_up" time="0.001" /><testcase classname="tests.test_payments_refactor" name="test_cash_checkout_is_proses" time="0.017" /><testcase classname="tests.test_batpay_core" name="test_transaction_string_to_sign_matches_snap_spec" time="0.000" /><testcase classname="tests.test_batpay_core" name="test_hmac_sha512_is_base64_and_deterministic" time="0.000" /><testcase classname="tests.test_batpay_core" name="test_wib_timestamp_format" time="0.000" /><testcase classname="tests.test_batpay_core" name="test_money_format_two_decimals" time="0.000" /><testcase classname="tests.test_batpay_core" name="test_gross_up_fee_leaves_store_amount_intact[100000-0.7-0]" time="0.001" /><testcase classname="tests.test_batpay_core" name="test_gross_up_fee_leaves_store_amount_intact[312500-0.7-0]" time="0.000" /><testcase classname="tests.test_batpay_core" name="test_gross_up_fee_leaves_store_amount_intact[10000-0-4000]" time="0.000" /><testcase classname="tests.test_batpay_core" name="test_gross_up_fee_leaves_store_amount_intact[250000-1.5-2500]" time="0.000" /><testcase classname="tests.test_batpay_core" name="test_gross_up_fee_leaves_store_amount_intact[999-0.7-0]" time="0.000" /><testcase classname="tests.test_batpay_core" name="test_fee_zero_for_zero_amount" time="0.000" /><testcase classname="tests.test_batpay_core" name="test_client_channel_fees" time="0.000" /><testcase classname="tests.test_batpay_core" name="test_client_enabled_and_pem_from_escaped_env" time="0.000" /><testcase classname="tests.test_batpay_core" name="test_client_placeholder_when_empty" time="0.000" /><testcase classname="tests.test_batpay_core" name="test_outbound_headers_signature" time="0.000" /><testcase classname="tests.test_batpay_core" name="test_inbound_token_request_verification" time="0.104" /><testcase classname="tests.test_batpay_core" name="test_webhook_verify_snap_flow" time="0.001" /><testcase classname="tests.test_batpay_core" name="test_webhook_verify_internal_token" time="0.000" /><testcase classname="tests.test_batpay_core" name="test_parse_notification_qris_and_va" time="0.000" /><testcase classname="tests.test_payments_refactor" name="test_cash_complete_receive_money" time="0.407" /><testcase classname="tests.test_payments_refactor" name="test_complete_cash_rejected_for_non_cash" time="0.013" /><testcase classname="tests.test_payments_refactor" name="test_piutang_checkout" time="0.009" /><testcase classname="tests.test_payments_refactor" name="test_piutang_in_receivables" time="0.006" /><testcase classname="tests.test_payments_refactor" name="test_piutang_settle" time="0.010" /><testcase classname="tests.test_payments_refactor" name="test_online_checkout_pending_with_service_fee" time="0.009" /><testcase classname="tests.test_payments_refactor" name="test_online_va_channel_fee_differs" time="0.012" /><testcase classname="tests.test_payments_refactor" name="test_online_status_pending" time="0.002" /><testcase classname="tests.test_payments_refactor" name="test_customer_switch_online_to_cash_removes_fee" time="0.019" /><testcase classname="tests.test_payments_refactor" name="test_admin_change_method_cash_to_piutang" time="0.018" /><testcase classname="tests.test_payments_refactor" name="test_admin_change_method_to_online_adds_fee" time="0.017" /><testcase classname="tests.test_payments_refactor" name="test_admin_change_method_rejected_when_paid" time="0.020" /><testcase classname="tests.test_payments_refactor" name="test_webhook_rejects_without_credentials" time="0.004" /><testcase classname="tests.test_payments_refactor" name="test_webhook_marks_paid_with_internal_token" time="0.017" /><testcase classname="tests.test_payments_refactor" name="test_webhook_rejects_amount_mismatch" time="0.017" /><testcase classname="tests.test_payments_refactor" name="test_legacy_methods_rejected[cod]" time="0.002" /><testcase classname="tests.test_payments_refactor" name="test_legacy_methods_rejected[bank_transfer]" time="0.001" /><testcase classname="tests.test_payments_refactor" name="test_legacy_methods_rejected[qris]" time="0.001" /><testcase classname="tests.test_payments_refactor" name="test_legacy_methods_rejected[ewallet]" time="0.001" /><testcase classname="tests.test_payments_refactor" name="test_legacy_methods_rejected[transfer_va]" time="0.001" /><testcase classname="tests.test_payments_refactor" name="test_old_gateway_endpoints_gone[/api/payments/simulate]" time="0.001" /><testcase classname="tests.test_payments_refactor" name="test_old_gateway_endpoints_gone[/api/payments/notification]" time="0.001" /><testcase classname="tests.test_payments_refactor" name="test_batpay_inbound_token_requires_credentials" time="0.002" /></testsuite></testsuites>